生成启动时间为 2021/11/8 16:47:36。
     1>项目“C:\Users\Administrator\Documents\Visual Studio 2013\Projects\test_11_08\test_11_08\test_11_08.vcxproj”在节点 2 上(Build 个目标)。
     1>ClCompile:
         C:\Program Files (x86)\Microsoft Visual Studio 12.0\VC\bin\CL.exe /c /ZI /nologo /W3 /WX- /sdl /Od /Oy- /D _MBCS /Gm /EHsc /RTC1 /MDd /GS /fp:precise /Zc:wchar_t /Zc:forScope /Fo"Debug\\" /Fd"Debug\vc120.pdb" /Gd /TC /analyze- /errorReport:prompt "2021-11-08 test.c" SqStack.c
         SqStack.c
     1>c:\users\administrator\documents\visual studio 2013\projects\test_11_08\test_11_08\sqstack.c(7): error C2027: 使用了未定义类型“SElemType”
                 c:\users\administrator\documents\visual studio 2013\projects\test_11_08\test_11_08\sqstack.h(14) : 参见“SElemType”的声明
     1>c:\users\administrator\documents\visual studio 2013\projects\test_11_08\test_11_08\sqstack.c(10): warning C4013: “strerror”未定义；假设外部返回 int
     1>c:\users\administrator\documents\visual studio 2013\projects\test_11_08\test_11_08\sqstack.c(30): error C2036: “SElemType *”: 未知的大小
     1>c:\users\administrator\documents\visual studio 2013\projects\test_11_08\test_11_08\sqstack.c(51): error C2036: “SElemType *”: 未知的大小
     1>c:\users\administrator\documents\visual studio 2013\projects\test_11_08\test_11_08\sqstack.c(58): error C2036: “SElemType *”: 未知的大小
     1>c:\users\administrator\documents\visual studio 2013\projects\test_11_08\test_11_08\sqstack.c(63): error C2079: “Pop”使用未定义的 struct“SElemType”
     1>c:\users\administrator\documents\visual studio 2013\projects\test_11_08\test_11_08\sqstack.c(64): error C2036: “SElemType *”: 未知的大小
     1>c:\users\administrator\documents\visual studio 2013\projects\test_11_08\test_11_08\sqstack.c(66): warning C4033: “Pop”必须返回值
     1>c:\users\administrator\documents\visual studio 2013\projects\test_11_08\test_11_08\sqstack.c(70): error C2036: “SElemType *”: 未知的大小
         2021-11-08 test.c
         正在生成代码...
     1>已完成生成项目“C:\Users\Administrator\Documents\Visual Studio 2013\Projects\test_11_08\test_11_08\test_11_08.vcxproj”(Build 个目标)的操作 - 失败。

生成失败。

已用时间 00:00:01.83
